Has seleccionado la opción de cargar datos
Has seleccionado el fichero ./archivos/cnf04dat.sec
Has seleccionado la opción del Algoritmo Greedy
En la posicion: 0 El numero 0
En la posicion: 1 El numero 1
En la posicion: 2 El numero 2
En la posicion: 3 El numero 3
En la posicion: 4 El numero 4
En la posicion: 5 El numero 5
En la posicion: 6 El numero 6
En la posicion: 7 El numero 7
En la posicion: 8 El numero 8
En la posicion: 9 El numero 9
En la posicion: 10 El numero 10
En la posicion: 11 El numero 11
En la posicion: 12 El numero 12
En la posicion: 13 El numero 13
En la posicion: 14 El numero 14
En la posicion: 15 El numero 15
En la posicion: 16 El numero 16
En la posicion: 17 El numero 17
En la posicion: 18 El numero 18
En la posicion: 19 El numero 19
En la posicion: 20 El numero 20
En la posicion: 21 El numero 21
En la posicion: 22 El numero 22
En la posicion: 23 El numero 23
En la posicion: 24 El numero 24
En la posicion: 25 El numero 25
En la posicion: 26 El numero 26
En la posicion: 27 El numero 27
En la posicion: 28 El numero 28
En la posicion: 29 El numero 29
En la posicion: 30 El numero 30
En la posicion: 31 El numero 31
En la posicion: 32 El numero 32
En la posicion: 33 El numero 33
En la posicion: 34 El numero 34
En la posicion: 35 El numero 35
En la posicion: 36 El numero 36
En la posicion: 37 El numero 37
En la posicion: 38 El numero 38
En la posicion: 39 El numero 39
En la posicion: 40 El numero 40
En la posicion: 41 El numero 41
En la posicion: 42 El numero 42
En la posicion: 43 El numero 43
En la posicion: 44 El numero 44
En la posicion: 45 El numero 45
En la posicion: 46 El numero 46
En la posicion: 47 El numero 47
En la posicion: 48 El numero 48
En la posicion: 49 El numero 49
Ha tardado 8 ms
Tiene de coste 52679.
